<?xml version="1.0" encoding="UTF-8" ?>
<testsuite tests="14" failures="0" name="com.ingenico.technicalAssessment.runner.TestRunner" time="0.005" errors="0" skipped="0">
  <properties>
[...]
</properties>
  <testcase classname="Scenario: Send a bad request to the Hosted Checkout service" name="Given merchant have a correct api keys" time="0.004"/>
  <testcase classname="Scenario: Send a bad request to the Hosted Checkout service" name="When merchant send a new request to the hostedcheckout missing a required property" time="0"/>
  <testcase classname="Scenario: Send a bad request to the Hosted Checkout service" name="Then an HTTP 400 Bad Request response is returned" time="0"/>
  <testcase classname="Scenario: Send a bad request to the Hosted Checkout service" name="Scenario: Send a bad request to the Hosted Checkout service" time="0"/>
  <testcase classname="Scenario: Make an IDEAL payment" name="Given merchant have a correct api keys" time="0"/>
  <testcase classname="Scenario: Make an IDEAL payment" name="When merchant send a new request to the hostedcheckout" time="0"/>
  <testcase classname="Scenario: Make an IDEAL payment" name="And consumer select the ideal payment method" time="0"/>
  <testcase classname="Scenario: Make an IDEAL payment" name="Then payment should be successful" time="0"/>
  <testcase classname="Scenario: Make an IDEAL payment" name="Scenario: Make an IDEAL payment" time="0"/>
  <testcase classname="Scenario: Send a request to the Hosted Checkout service with a wrong signature" name="Given merchant have a correct api keys" time="0"/>
  <testcase classname="Scenario: Send a request to the Hosted Checkout service with a wrong signature" name="And merchant have a wrong signature" time="0"/>
  <testcase classname="Scenario: Send a request to the Hosted Checkout service with a wrong signature" name="When merchant send a new request to the hostedcheckout" time="0"/>
  <testcase classname="Scenario: Send a request to the Hosted Checkout service with a wrong signature" name="Then hostedcheckout API reject the request of the merchant" time="0"/>
  <testcase classname="Scenario: Send a request to the Hosted Checkout service with a wrong signature" name="Scenario: Send a request to the Hosted Checkout service with a wrong signature" time="0.001"/>
</testsuite>